<?xml version="1.0" encoding="UTF-8"?>
<testng-results ignored="0" total="1" passed="1" failed="0" skipped="0">
  <reporter-output>
  </reporter-output>
  <suite started-at="2023-03-02T12:54:05 COT" name="Suite" finished-at="2023-03-02T12:55:41 COT" duration-ms="95881">
    <groups>
    </groups>
    <test started-at="2023-03-02T12:54:05 COT" name="Test" finished-at="2023-03-02T12:55:41 COT" duration-ms="95881">
      <class name="com.testNG.RunTestNG">
        <test-method is-config="true" signature="beforeClass(java.lang.String)[pri:0, instance:com.testNG.RunTestNG@4567f35d]" started-at="2023-03-02T12:54:05 COT" name="beforeClass" finished-at="2023-03-02T12:54:09 COT" duration-ms="3397" status="PASS">
          <params>
            <param index="0">
              <value>
                <![CDATA[./imagenes/demoAdvantage.png]]>
              </value>
            </param>
          </params>
          <reporter-output>
          </reporter-output>
        </test-method> <!-- beforeClass -->
        <test-method signature="DemoAdvantageTestNG(java.lang.String,java.lang.String,java.lang.String,java.lang.String,java.lang.String,java.lang.String,java.lang.String,java.lang.String)[pri:1, instance:com.testNG.RunTestNG@4567f35d]" started-at="2023-03-02T12:54:09 COT" name="DemoAdvantageTestNG" data-provider="DemoAdvantage" finished-at="2023-03-02T12:55:41 COT" duration-ms="91621" status="PASS">
          <params>
            <param index="0">
              <value>
                <![CDATA[HP ENVY - 17t Touch Laptop]]>
              </value>
            </param>
            <param index="1">
              <value>
                <![CDATA[https://www.advantageonlineshopping.com/#/]]>
              </value>
            </param>
            <param index="2">
              <value>
                <![CDATA[Si]]>
              </value>
            </param>
            <param index="3">
              <value>
                <![CDATA[On]]>
              </value>
            </param>
            <param index="4">
              <value>
                <![CDATA[Juan Ortega]]>
              </value>
            </param>
            <param index="5">
              <value>
                <![CDATA[Kensington Orbit 72337 Trackball with Scroll Ring]]>
              </value>
            </param>
            <param index="6">
              <value>
                <![CDATA[juanp]]>
              </value>
            </param>
            <param index="7">
              <value>
                <![CDATA[Pccs*1234567]]>
              </value>
            </param>
          </params>
          <reporter-output>
          </reporter-output>
        </test-method> <!-- DemoAdvantageTestNG -->
        <test-method is-config="true" signature="afterClass()[pri:0, instance:com.testNG.RunTestNG@4567f35d]" started-at="2023-03-02T12:55:41 COT" name="afterClass" finished-at="2023-03-02T12:55:41 COT" duration-ms="247" status="PASS">
          <reporter-output>
          </reporter-output>
        </test-method> <!-- afterClass -->
      </class> <!-- com.testNG.RunTestNG -->
    </test> <!-- Test -->
  </suite> <!-- Suite -->
</testng-results>
